<?xml version="1.0" encoding="UTF-8"?>
<!-- Generated by org.testng.reporters.JUnitReportReporter -->
<testsuite hostname="USBLRSPARALAPA1" name="cpsat.mock.scenario.Set5_Question1_meripustak" tests="1" failures="0" timestamp="25 Aug 2021 09:57:37 GMT" time="28.849" errors="0">
  <testcase name="maintest" time="28.849" classname="cpsat.mock.scenario.Set5_Question1_meripustak"/>
</testsuite> <!-- cpsat.mock.scenario.Set5_Question1_meripustak -->
