<?xml version="1.0" encoding="UTF-8"?>
<!-- Generated by org.testng.reporters.JUnitReportReporter -->
<testsuite hostname="USBLRSPARALAPA1" name="cpsat.mock.practice.practice_July_dump" tests="1" failures="0" timestamp="12 Nov 2021 07:50:44 GMT" time="22.488" errors="0">
  <testcase name="f" time="22.488" classname="cpsat.mock.practice.practice_July_dump"/>
</testsuite> <!-- cpsat.mock.practice.practice_July_dump -->
