<?xml version="1.0" encoding="UTF-8"?>
<!-- Generated by org.testng.reporters.JUnitReportReporter -->
<testsuite hostname="USBLRSPARALAPA1" name="cpsat.mock.scenario.Set7_Question3_FirstCry" tests="1" failures="0" timestamp="18 Oct 2021 13:01:32 GMT" time="18.940" errors="0">
  <testcase name="mainTest" time="18.940" classname="cpsat.mock.scenario.Set7_Question3_FirstCry"/>
</testsuite> <!-- cpsat.mock.scenario.Set7_Question3_FirstCry -->
