<?xml version="1.0" encoding="UTF-8"?>
<!-- Generated by org.testng.reporters.JUnitReportReporter -->
<testsuite hostname="USBLRSPARALAPA1" name="cpsat.mock.scenario.Set10_Question1" tests="1" failures="0" timestamp="30 Oct 2021 18:32:24 GMT" time="20.252" errors="0">
  <testcase name="mainTest" time="20.252" classname="cpsat.mock.scenario.Set10_Question1"/>
</testsuite> <!-- cpsat.mock.scenario.Set10_Question1 -->
