<?xml version="1.0" encoding="UTF-8"?>
<!-- Generated by org.testng.reporters.JUnitReportReporter -->
<testsuite hostname="USBLRSPARALAPA1" name="cpsat.mock.practice.MockExam2_Question4" tests="4" failures="0" timestamp="20 Nov 2021 14:16:39 GMT" time="62.846" errors="0">
  <testcase name="maintest" time="15.058" classname="cpsat.mock.practice.MockExam2_Question4"/>
  <testcase name="maintest3" time="23.356" classname="cpsat.mock.practice.MockExam2_Question4"/>
  <testcase name="maintest2" time="7.475" classname="cpsat.mock.practice.MockExam2_Question4"/>
  <testcase name="maintest4" time="16.957" classname="cpsat.mock.practice.MockExam2_Question4"/>
</testsuite> <!-- cpsat.mock.practice.MockExam2_Question4 -->
