<?xml version="1.0" encoding="UTF-8"?>
<!-- Generated by org.testng.reporters.JUnitReportReporter -->
<testsuite hostname="USBLRSPARALAPA1" name="cpsat.mock.scenario.MockExam1_Testng_Question4" tests="3" failures="0" timestamp="24 Nov 2021 14:18:05 GMT" time="84.719" errors="0">
  <testcase name="test1" time="33.494" classname="cpsat.mock.scenario.MockExam1_Testng_Question4"/>
  <testcase name="test2" time="14.730" classname="cpsat.mock.scenario.MockExam1_Testng_Question4"/>
  <testcase name="test3" time="36.495" classname="cpsat.mock.scenario.MockExam1_Testng_Question4"/>
</testsuite> <!-- cpsat.mock.scenario.MockExam1_Testng_Question4 -->
