<?xml version="1.0" encoding="UTF-8"?>
<!-- Generated by org.testng.reporters.JUnitReportReporter -->
<testsuite hostname="USBLRSPARALAPA1" name="cpsat.mock.scenario.Set7_Question5_Letterbox" tests="1" failures="0" timestamp="19 Oct 2021 07:10:40 GMT" time="20.782" errors="0">
  <testcase name="maintest" time="20.782" classname="cpsat.mock.scenario.Set7_Question5_Letterbox"/>
</testsuite> <!-- cpsat.mock.scenario.Set7_Question5_Letterbox -->
