<?xml version="1.0" encoding="UTF-8"?>
<!-- Generated by org.testng.reporters.JUnitReportReporter -->
<testsuite hostname="USBLRSPARALAPA1" name="cpsat.mock.practice.Set1A_Question2_DataProvider" tests="3" failures="0" timestamp="10 Nov 2021 11:17:44 GMT" time="278.370" errors="0">
  <testcase name="Menu" time="127.073" classname="cpsat.mock.practice.Set1A_Question2_DataProvider"/>
  <testcase name="Menu" time="98.719" classname="cpsat.mock.practice.Set1A_Question2_DataProvider"/>
  <testcase name="Menu" time="52.578" classname="cpsat.mock.practice.Set1A_Question2_DataProvider"/>
</testsuite> <!-- cpsat.mock.practice.Set1A_Question2_DataProvider -->
