<?xml version="1.0" encoding="UTF-8"?>
<!-- Generated by org.testng.reporters.JUnitReportReporter -->
<testsuite hostname="USBLRSPARALAPA1" name="cpsat.mock.scenario.Set5_Question2_GoogleMaps" tests="1" failures="0" timestamp="26 Aug 2021 06:25:35 GMT" time="10.000" errors="0">
  <testcase name="maintest" time="10.000" classname="cpsat.mock.scenario.Set5_Question2_GoogleMaps"/>
</testsuite> <!-- cpsat.mock.scenario.Set5_Question2_GoogleMaps -->
