<?xml version="1.0" encoding="UTF-8"?>
<!-- Generated by org.testng.reporters.JUnitReportReporter -->
<testsuite hostname="USBLRSPARALAPA1" name="cpsat.mock.practice.Set1A_UtilityExcel" tests="1" failures="0" timestamp="9 Nov 2021 05:49:53 GMT" time="0.503" errors="0">
  <testcase name="maintest" time="0.503" classname="cpsat.mock.practice.Set1A_UtilityExcel"/>
</testsuite> <!-- cpsat.mock.practice.Set1A_UtilityExcel -->
