<?xml version="1.0" encoding="UTF-8"?>
<!-- Generated by org.testng.reporters.JUnitReportReporter -->
<testsuite hostname="USBLRSPARALAPA1" name="cpsat.mock.practice.Set1A_Question1" tests="1" failures="0" timestamp="7 Nov 2021 05:15:45 GMT" time="41.994" errors="0">
  <testcase name="maintest" time="41.994" classname="cpsat.mock.practice.Set1A_Question1"/>
</testsuite> <!-- cpsat.mock.practice.Set1A_Question1 -->
