<?xml version="1.0" encoding="UTF-8"?>
<!-- Generated by org.testng.reporters.JUnitReportReporter -->
<testsuite hostname="USBLRSPARALAPA1" name="cpsat.mock.practice.MockExam1_Question2" tests="1" failures="0" timestamp="25 Nov 2021 09:29:01 GMT" time="40.869" errors="0">
  <testcase name="test1" time="40.869" classname="cpsat.mock.practice.MockExam1_Question2"/>
</testsuite> <!-- cpsat.mock.practice.MockExam1_Question2 -->
