<?xml version="1.0" encoding="UTF-8"?>
<!-- Generated by org.testng.reporters.JUnitReportReporter -->
<testsuite hostname="USBLRSPARALAPA1" name="cpsat.mock.scenario.Set2A_Question1_meripustak" tests="1" failures="0" timestamp="13 Aug 2021 11:09:09 GMT" time="24.573" errors="0">
  <testcase name="maintest" time="24.573" classname="cpsat.mock.scenario.Set2A_Question1_meripustak"/>
</testsuite> <!-- cpsat.mock.scenario.Set2A_Question1_meripustak -->
