<?xml version="1.0" encoding="UTF-8"?>
<!-- Generated by org.testng.reporters.JUnitReportReporter -->
<testsuite hostname="USBLRSPARALAPA1" name="cpsat.mock.practice.Practice_Aug_Chapters" tests="1" failures="0" timestamp="11 Nov 2021 16:37:37 GMT" time="25.347" errors="0">
  <testcase name="maintest" time="25.347" classname="cpsat.mock.practice.Practice_Aug_Chapters"/>
</testsuite> <!-- cpsat.mock.practice.Practice_Aug_Chapters -->
