<?xml version="1.0" encoding="UTF-8"?>
<!-- Generated by org.testng.reporters.JUnitReportReporter -->
<testsuite hostname="USBLRSPARALAPA1" name="cpsat.mock.practice.MockExam2_Question3" tests="1" failures="0" timestamp="19 Nov 2021 15:04:47 GMT" time="5.812" errors="0">
  <testcase name="maintest" time="5.812" classname="cpsat.mock.practice.MockExam2_Question3"/>
</testsuite> <!-- cpsat.mock.practice.MockExam2_Question3 -->
