<?xml version="1.0" encoding="UTF-8"?>
<!-- Generated by org.testng.reporters.JUnitReportReporter -->
<testsuite hostname="USBLRSPARALAPA1" name="cpsat.mock.scenario.Set2B_Question2_OnlineRegistration" tests="1" failures="0" timestamp="13 Aug 2021 16:06:11 GMT" time="11.586" errors="0">
  <testcase name="maintest" time="11.586" classname="cpsat.mock.scenario.Set2B_Question2_OnlineRegistration"/>
</testsuite> <!-- cpsat.mock.scenario.Set2B_Question2_OnlineRegistration -->
