<?xml version="1.0" encoding="UTF-8"?>
<!-- Generated by org.testng.reporters.JUnitReportReporter -->
<testsuite hostname="USBLRSPARALAPA1" name="cpsat.mock.scenario.Set3_Question5_cii_Pagefactory" tests="1" failures="0" timestamp="23 Aug 2021 15:37:27 GMT" time="23.617" errors="0">
  <testcase name="maintest" time="23.617" classname="cpsat.mock.scenario.Set3_Question5_cii_Pagefactory"/>
</testsuite> <!-- cpsat.mock.scenario.Set3_Question5_cii_Pagefactory -->
