<?xml version="1.0" encoding="UTF-8"?>
<!-- Generated by org.testng.reporters.JUnitReportReporter -->
<testsuite hostname="USBLRSPARALAPA1" name="cpsat.mock.scenario.Set10_Question5" tests="1" failures="0" timestamp="5 Nov 2021 16:28:32 GMT" time="6.272" errors="0">
  <testcase name="maintest" time="6.272" classname="cpsat.mock.scenario.Set10_Question5"/>
</testsuite> <!-- cpsat.mock.scenario.Set10_Question5 -->
