<?xml version="1.0" encoding="UTF-8"?>
<!-- Generated by org.testng.reporters.JUnitReportReporter -->
<testsuite hostname="USBLRSPARALAPA1" name="cpsat.mock.scenario.Set3_Question2_makery" tests="1" failures="0" timestamp="14 Aug 2021 07:56:09 GMT" time="20.208" errors="0">
  <testcase name="maintest" time="20.208" classname="cpsat.mock.scenario.Set3_Question2_makery"/>
</testsuite> <!-- cpsat.mock.scenario.Set3_Question2_makery -->
