<?xml version="1.0" encoding="UTF-8"?>
<!-- Generated by org.testng.reporters.JUnitReportReporter -->
<testsuite hostname="USBLRSPARALAPA1" name="cpsat.mock.practice.Practice_Aug_Dump_Questions2_Tables" tests="1" failures="0" timestamp="13 Nov 2021 08:27:28 GMT" time="59.322" errors="0">
  <testcase name="f" time="59.322" classname="cpsat.mock.practice.Practice_Aug_Dump_Questions2_Tables"/>
</testsuite> <!-- cpsat.mock.practice.Practice_Aug_Dump_Questions2_Tables -->
