<?xml version="1.0" encoding="UTF-8"?>
<!-- Generated by org.testng.reporters.JUnitReportReporter -->
<testsuite hostname="USBLRSPARALAPA1" name="cpsat.mock.practice.practice_july" tests="3" failures="0" timestamp="12 Nov 2021 07:17:04 GMT" time="48.011" errors="0">
  <testcase name="maintest" time="17.851" classname="cpsat.mock.practice.practice_july"/>
  <testcase name="maintest" time="10.711" classname="cpsat.mock.practice.practice_july"/>
  <testcase name="maintest" time="19.449" classname="cpsat.mock.practice.practice_july"/>
</testsuite> <!-- cpsat.mock.practice.practice_july -->
