<?xml version="1.0" encoding="UTF-8"?>
<!-- Generated by org.testng.reporters.JUnitReportReporter -->
<testsuite hostname="USBLRSPARALAPA1" name="cpsat.mock.practice.Practice_Aug_Question4_Blogs" tests="1" failures="0" timestamp="11 Nov 2021 08:31:03 GMT" time="15.920" errors="0">
  <testcase name="maintest" time="15.920" classname="cpsat.mock.practice.Practice_Aug_Question4_Blogs"/>
</testsuite> <!-- cpsat.mock.practice.Practice_Aug_Question4_Blogs -->
