<?xml version="1.0" encoding="UTF-8"?>
<!-- Generated by org.testng.reporters.JUnitReportReporter -->
<testsuite hostname="USBLRSPARALAPA1" name="cpsat.mock.scenario.Set1a_Rediff" tests="1" failures="0" timestamp="10 Aug 2021 04:14:11 GMT" time="51.186" errors="0">
  <testcase name="test" time="51.186" classname="cpsat.mock.scenario.Set1a_Rediff"/>
</testsuite> <!-- cpsat.mock.scenario.Set1a_Rediff -->
