<?xml version="1.0" encoding="UTF-8"?>
<!-- Generated by org.testng.reporters.JUnitReportReporter -->
<testsuite hostname="USBLRSPARALAPA1" name="cpsat.mock.scenario.Set3_Question3_cii" tests="1" failures="0" timestamp="15 Aug 2021 06:12:22 GMT" time="36.649" errors="0">
  <testcase name="maintest" time="36.649" classname="cpsat.mock.scenario.Set3_Question3_cii"/>
</testsuite> <!-- cpsat.mock.scenario.Set3_Question3_cii -->
