<?xml version="1.0" encoding="UTF-8"?>
<!-- Generated by org.testng.reporters.JUnitReportReporter -->
<testsuite hostname="USBLRSPARALAPA1" name="cpsat.mock.practice.Practice_July_CPSAT" tests="1" failures="0" timestamp="16 Nov 2021 06:28:08 GMT" time="7.349" errors="0">
  <testcase name="maintest" time="7.349" classname="cpsat.mock.practice.Practice_July_CPSAT"/>
</testsuite> <!-- cpsat.mock.practice.Practice_July_CPSAT -->
