<?xml version="1.0" encoding="UTF-8"?>
<!-- Generated by org.testng.reporters.JUnitReportReporter -->
<testsuite hostname="USBLRSPARALAPA1" name="cpsat.mock.scenario.Set2A_Question4_WoodLands" tests="1" failures="0" timestamp="13 Aug 2021 15:37:27 GMT" time="28.674" errors="0">
  <testcase name="maintest" time="28.674" classname="cpsat.mock.scenario.Set2A_Question4_WoodLands"/>
</testsuite> <!-- cpsat.mock.scenario.Set2A_Question4_WoodLands -->
