<?xml version="1.0" encoding="UTF-8"?>
<!-- Generated by org.testng.reporters.JUnitReportReporter -->
<testsuite hostname="USBLRSPARALAPA1" name="cpsat.mock.practice.Practice_Aug_Question1" tests="1" failures="0" timestamp="11 Nov 2021 08:53:42 GMT" time="86.710" errors="0">
  <testcase name="maintest" time="86.710" classname="cpsat.mock.practice.Practice_Aug_Question1"/>
</testsuite> <!-- cpsat.mock.practice.Practice_Aug_Question1 -->
